This is pdfTeX, Version 3.14159265-2.6-1.40.20 (TeX Live 2019) (preloaded format=pdflatex 2019.8.1)  19 DEC 2019 09:37
entering extended mode
 restricted \write18 enabled.
 %&-line parsing enabled.
**slides.tex
(./slides.tex
LaTeX2e <2018-12-01>
(/Users/antonio/Library/TinyTeX/texmf-dist/tex/latex/beamer/beamer.cls
Document Class: beamer 2019/07/23 v3.56 A class for typesetting presentations

(/Users/antonio/Library/TinyTeX/texmf-dist/tex/latex/beamer/beamerbasemodes.sty
(/Users/antonio/Library/TinyTeX/texmf-dist/tex/latex/etoolbox/etoolbox.sty
Package: etoolbox 2018/08/19 v2.5f e-TeX tools for LaTeX (JAW)
\etb@tempcnta=\count80
)
\beamer@tempbox=\box27
\beamer@tempcount=\count81
\c@beamerpauses=\count82

(/Users/antonio/Library/TinyTeX/texmf-dist/tex/latex/beamer/beamerbasedecode.st
y
\beamer@slideinframe=\count83
\beamer@minimum=\count84
\beamer@decode@box=\box28
)
\beamer@commentbox=\box29
\beamer@modecount=\count85
) (/Users/antonio/Library/TinyTeX/texmf-dist/tex/generic/oberdiek/ifpdf.sty
Package: ifpdf 2018/09/07 v3.3 Provides the ifpdf switch
)
\headdp=\dimen102
\footheight=\dimen103
\sidebarheight=\dimen104
\beamer@tempdim=\dimen105
\beamer@finalheight=\dimen106
\beamer@animht=\dimen107
\beamer@animdp=\dimen108
\beamer@animwd=\dimen109
\beamer@leftmargin=\dimen110
\beamer@rightmargin=\dimen111
\beamer@leftsidebar=\dimen112
\beamer@rightsidebar=\dimen113
\beamer@boxsize=\dimen114
\beamer@vboxoffset=\dimen115
\beamer@descdefault=\dimen116
\beamer@descriptionwidth=\dimen117
\beamer@lastskip=\skip41
\beamer@areabox=\box30
\beamer@animcurrent=\box31
\beamer@animshowbox=\box32
\beamer@sectionbox=\box33
\beamer@logobox=\box34
\beamer@linebox=\box35
\beamer@sectioncount=\count86
\beamer@subsubsectionmax=\count87
\beamer@subsectionmax=\count88
\beamer@sectionmax=\count89
\beamer@totalheads=\count90
\beamer@headcounter=\count91
\beamer@partstartpage=\count92
\beamer@sectionstartpage=\count93
\beamer@subsectionstartpage=\count94
\beamer@animationtempa=\count95
\beamer@animationtempb=\count96
\beamer@xpos=\count97
\beamer@ypos=\count98
\beamer@ypos@offset=\count99
\beamer@showpartnumber=\count100
\beamer@currentsubsection=\count101
\beamer@coveringdepth=\count102
\beamer@sectionadjust=\count103
\beamer@tocsectionnumber=\count104

(/Users/antonio/Library/TinyTeX/texmf-dist/tex/latex/beamer/beamerbaseoptions.s
ty (/Users/antonio/Library/TinyTeX/texmf-dist/tex/latex/graphics/keyval.sty
Package: keyval 2014/10/28 v1.15 key=value parser (DPC)
\KV@toks@=\toks14
))
\beamer@paperwidth=\skip42
\beamer@paperheight=\skip43

(/Users/antonio/Library/TinyTeX/texmf-dist/tex/latex/geometry/geometry.sty
Package: geometry 2018/04/16 v5.8 Page Geometry

(/Users/antonio/Library/TinyTeX/texmf-dist/tex/generic/oberdiek/ifvtex.sty
Package: ifvtex 2016/05/16 v1.6 Detect VTeX and its facilities (HO)
Package ifvtex Info: VTeX not detected.
)
(/Users/antonio/Library/TinyTeX/texmf-dist/tex/generic/ifxetex/ifxetex.sty
Package: ifxetex 2010/09/12 v0.6 Provides ifxetex conditional
)
\Gm@cnth=\count105
\Gm@cntv=\count106
\c@Gm@tempcnt=\count107
\Gm@bindingoffset=\dimen118
\Gm@wd@mp=\dimen119
\Gm@odd@mp=\dimen120
\Gm@even@mp=\dimen121
\Gm@layoutwidth=\dimen122
\Gm@layoutheight=\dimen123
\Gm@layouthoffset=\dimen124
\Gm@layoutvoffset=\dimen125
\Gm@dimlist=\toks15
)
(/Users/antonio/Library/TinyTeX/texmf-dist/tex/latex/base/size11.clo
File: size11.clo 2018/09/03 v1.4i Standard LaTeX file (size option)
)
(/Users/antonio/Library/TinyTeX/texmf-dist/tex/latex/pgf/basiclayer/pgfcore.sty
(/Users/antonio/Library/TinyTeX/texmf-dist/tex/latex/graphics/graphicx.sty
Package: graphicx 2017/06/01 v1.1a Enhanced LaTeX Graphics (DPC,SPQR)

(/Users/antonio/Library/TinyTeX/texmf-dist/tex/latex/graphics/graphics.sty
Package: graphics 2017/06/25 v1.2c Standard LaTeX Graphics (DPC,SPQR)

(/Users/antonio/Library/TinyTeX/texmf-dist/tex/latex/graphics/trig.sty
Package: trig 2016/01/03 v1.10 sin cos tan (DPC)
)
(/Users/antonio/Library/TinyTeX/texmf-dist/tex/latex/graphics-cfg/graphics.cfg
File: graphics.cfg 2016/06/04 v1.11 sample graphics configuration
)
Package graphics Info: Driver file: pdftex.def on input line 99.
(/Users/antonio/Library/TinyTeX/texmf-dist/tex/latex/graphics-def/pdftex.def
File: pdftex.def 2018/01/08 v1.0l Graphics/color driver for pdftex
))
\Gin@req@height=\dimen126
\Gin@req@width=\dimen127
)
(/Users/antonio/Library/TinyTeX/texmf-dist/tex/latex/pgf/systemlayer/pgfsys.sty
(/Users/antonio/Library/TinyTeX/texmf-dist/tex/latex/pgf/utilities/pgfrcs.sty
(/Users/antonio/Library/TinyTeX/texmf-dist/tex/generic/pgf/utilities/pgfutil-co
mmon.tex
\pgfutil@everybye=\toks16
\pgfutil@tempdima=\dimen128
\pgfutil@tempdimb=\dimen129

(/Users/antonio/Library/TinyTeX/texmf-dist/tex/generic/pgf/utilities/pgfutil-co
mmon-lists.tex))
(/Users/antonio/Library/TinyTeX/texmf-dist/tex/generic/pgf/utilities/pgfutil-la
tex.def
\pgfutil@abb=\box36
 (/Users/antonio/Library/TinyTeX/texmf-dist/tex/latex/ms/everyshi.sty
Package: everyshi 2001/05/15 v3.00 EveryShipout Package (MS)
))
(/Users/antonio/Library/TinyTeX/texmf-dist/tex/generic/pgf/utilities/pgfrcs.cod
e.tex
(/Users/antonio/Library/TinyTeX/texmf-dist/tex/generic/pgf/pgf.revision.tex)
Package: pgfrcs 2019/07/17 v3.1.4a (3.1.4a)
))
(/Users/antonio/Library/TinyTeX/texmf-dist/tex/generic/pgf/systemlayer/pgfsys.c
ode.tex
Package: pgfsys 2019/07/17 v3.1.4a (3.1.4a)

(/Users/antonio/Library/TinyTeX/texmf-dist/tex/generic/pgf/utilities/pgfkeys.co
de.tex
\pgfkeys@pathtoks=\toks17
\pgfkeys@temptoks=\toks18

(/Users/antonio/Library/TinyTeX/texmf-dist/tex/generic/pgf/utilities/pgfkeysfil
tered.code.tex
\pgfkeys@tmptoks=\toks19
))
\pgf@x=\dimen130
\pgf@y=\dimen131
\pgf@xa=\dimen132
\pgf@ya=\dimen133
\pgf@xb=\dimen134
\pgf@yb=\dimen135
\pgf@xc=\dimen136
\pgf@yc=\dimen137
\pgf@xd=\dimen138
\pgf@yd=\dimen139
\w@pgf@writea=\write3
\r@pgf@reada=\read1
\c@pgf@counta=\count108
\c@pgf@countb=\count109
\c@pgf@countc=\count110
\c@pgf@countd=\count111
\t@pgf@toka=\toks20
\t@pgf@tokb=\toks21
\t@pgf@tokc=\toks22
\pgf@sys@id@count=\count112

(/Users/antonio/Library/TinyTeX/texmf-dist/tex/generic/pgf/systemlayer/pgf.cfg
File: pgf.cfg 2019/07/17 v3.1.4a (3.1.4a)
)
Driver file for pgf: pgfsys-pdftex.def

(/Users/antonio/Library/TinyTeX/texmf-dist/tex/generic/pgf/systemlayer/pgfsys-p
dftex.def
File: pgfsys-pdftex.def 2019/07/17 v3.1.4a (3.1.4a)

(/Users/antonio/Library/TinyTeX/texmf-dist/tex/generic/pgf/systemlayer/pgfsys-c
ommon-pdf.def
File: pgfsys-common-pdf.def 2019/07/17 v3.1.4a (3.1.4a)
)))
(/Users/antonio/Library/TinyTeX/texmf-dist/tex/generic/pgf/systemlayer/pgfsysso
ftpath.code.tex
File: pgfsyssoftpath.code.tex 2019/07/17 v3.1.4a (3.1.4a)
\pgfsyssoftpath@smallbuffer@items=\count113
\pgfsyssoftpath@bigbuffer@items=\count114
)
(/Users/antonio/Library/TinyTeX/texmf-dist/tex/generic/pgf/systemlayer/pgfsyspr
otocol.code.tex
File: pgfsysprotocol.code.tex 2019/07/17 v3.1.4a (3.1.4a)
))
(/Users/antonio/Library/TinyTeX/texmf-dist/tex/latex/xcolor/xcolor.sty
Package: xcolor 2016/05/11 v2.12 LaTeX color extensions (UK)

(/Users/antonio/Library/TinyTeX/texmf-dist/tex/latex/graphics-cfg/color.cfg
File: color.cfg 2016/01/02 v1.6 sample color configuration
)
Package xcolor Info: Driver file: pdftex.def on input line 225.
Package xcolor Info: Model `cmy' substituted by `cmy0' on input line 1348.
Package xcolor Info: Model `hsb' substituted by `rgb' on input line 1352.
Package xcolor Info: Model `RGB' extended on input line 1364.
Package xcolor Info: Model `HTML' substituted by `rgb' on input line 1366.
Package xcolor Info: Model `Hsb' substituted by `hsb' on input line 1367.
Package xcolor Info: Model `tHsb' substituted by `hsb' on input line 1368.
Package xcolor Info: Model `HSB' substituted by `hsb' on input line 1369.
Package xcolor Info: Model `Gray' substituted by `gray' on input line 1370.
Package xcolor Info: Model `wave' substituted by `hsb' on input line 1371.
)
(/Users/antonio/Library/TinyTeX/texmf-dist/tex/generic/pgf/basiclayer/pgfcore.c
ode.tex
Package: pgfcore 2019/07/17 v3.1.4a (3.1.4a)

(/Users/antonio/Library/TinyTeX/texmf-dist/tex/generic/pgf/math/pgfmath.code.te
x
(/Users/antonio/Library/TinyTeX/texmf-dist/tex/generic/pgf/math/pgfmathcalc.cod
e.tex
(/Users/antonio/Library/TinyTeX/texmf-dist/tex/generic/pgf/math/pgfmathutil.cod
e.tex)
(/Users/antonio/Library/TinyTeX/texmf-dist/tex/generic/pgf/math/pgfmathparser.c
ode.tex
\pgfmath@dimen=\dimen140
\pgfmath@count=\count115
\pgfmath@box=\box37
\pgfmath@toks=\toks23
\pgfmath@stack@operand=\toks24
\pgfmath@stack@operation=\toks25
)
(/Users/antonio/Library/TinyTeX/texmf-dist/tex/generic/pgf/math/pgfmathfunction
s.code.tex
(/Users/antonio/Library/TinyTeX/texmf-dist/tex/generic/pgf/math/pgfmathfunction
s.basic.code.tex)
(/Users/antonio/Library/TinyTeX/texmf-dist/tex/generic/pgf/math/pgfmathfunction
s.trigonometric.code.tex)
(/Users/antonio/Library/TinyTeX/texmf-dist/tex/generic/pgf/math/pgfmathfunction
s.random.code.tex)
(/Users/antonio/Library/TinyTeX/texmf-dist/tex/generic/pgf/math/pgfmathfunction
s.comparison.code.tex)
(/Users/antonio/Library/TinyTeX/texmf-dist/tex/generic/pgf/math/pgfmathfunction
s.base.code.tex)
(/Users/antonio/Library/TinyTeX/texmf-dist/tex/generic/pgf/math/pgfmathfunction
s.round.code.tex)
(/Users/antonio/Library/TinyTeX/texmf-dist/tex/generic/pgf/math/pgfmathfunction
s.misc.code.tex)
(/Users/antonio/Library/TinyTeX/texmf-dist/tex/generic/pgf/math/pgfmathfunction
s.integerarithmetics.code.tex)))
(/Users/antonio/Library/TinyTeX/texmf-dist/tex/generic/pgf/math/pgfmathfloat.co
de.tex
\c@pgfmathroundto@lastzeros=\count116
))
(/Users/antonio/Library/TinyTeX/texmf-dist/tex/generic/pgf/math/pgfint.code.tex
)
(/Users/antonio/Library/TinyTeX/texmf-dist/tex/generic/pgf/basiclayer/pgfcorepo
ints.code.tex
File: pgfcorepoints.code.tex 2019/07/17 v3.1.4a (3.1.4a)
\pgf@picminx=\dimen141
\pgf@picmaxx=\dimen142
\pgf@picminy=\dimen143
\pgf@picmaxy=\dimen144
\pgf@pathminx=\dimen145
\pgf@pathmaxx=\dimen146
\pgf@pathminy=\dimen147
\pgf@pathmaxy=\dimen148
\pgf@xx=\dimen149
\pgf@xy=\dimen150
\pgf@yx=\dimen151
\pgf@yy=\dimen152
\pgf@zx=\dimen153
\pgf@zy=\dimen154
)
(/Users/antonio/Library/TinyTeX/texmf-dist/tex/generic/pgf/basiclayer/pgfcorepa
thconstruct.code.tex
File: pgfcorepathconstruct.code.tex 2019/07/17 v3.1.4a (3.1.4a)
\pgf@path@lastx=\dimen155
\pgf@path@lasty=\dimen156
)
(/Users/antonio/Library/TinyTeX/texmf-dist/tex/generic/pgf/basiclayer/pgfcorepa
thusage.code.tex
File: pgfcorepathusage.code.tex 2019/07/17 v3.1.4a (3.1.4a)
\pgf@shorten@end@additional=\dimen157
\pgf@shorten@start@additional=\dimen158
)
(/Users/antonio/Library/TinyTeX/texmf-dist/tex/generic/pgf/basiclayer/pgfcoresc
opes.code.tex
File: pgfcorescopes.code.tex 2019/07/17 v3.1.4a (3.1.4a)
\pgfpic=\box38
\pgf@hbox=\box39
\pgf@layerbox@main=\box40
\pgf@picture@serial@count=\count117
)
(/Users/antonio/Library/TinyTeX/texmf-dist/tex/generic/pgf/basiclayer/pgfcoregr
aphicstate.code.tex
File: pgfcoregraphicstate.code.tex 2019/07/17 v3.1.4a (3.1.4a)
\pgflinewidth=\dimen159
)
(/Users/antonio/Library/TinyTeX/texmf-dist/tex/generic/pgf/basiclayer/pgfcoretr
ansformations.code.tex
File: pgfcoretransformations.code.tex 2019/07/17 v3.1.4a (3.1.4a)
\pgf@pt@x=\dimen160
\pgf@pt@y=\dimen161
\pgf@pt@temp=\dimen162
)
(/Users/antonio/Library/TinyTeX/texmf-dist/tex/generic/pgf/basiclayer/pgfcorequ
ick.code.tex
File: pgfcorequick.code.tex 2019/07/17 v3.1.4a (3.1.4a)
)
(/Users/antonio/Library/TinyTeX/texmf-dist/tex/generic/pgf/basiclayer/pgfcoreob
jects.code.tex
File: pgfcoreobjects.code.tex 2019/07/17 v3.1.4a (3.1.4a)
)
(/Users/antonio/Library/TinyTeX/texmf-dist/tex/generic/pgf/basiclayer/pgfcorepa
thprocessing.code.tex
File: pgfcorepathprocessing.code.tex 2019/07/17 v3.1.4a (3.1.4a)
)
(/Users/antonio/Library/TinyTeX/texmf-dist/tex/generic/pgf/basiclayer/pgfcorear
rows.code.tex
File: pgfcorearrows.code.tex 2019/07/17 v3.1.4a (3.1.4a)
\pgfarrowsep=\dimen163
)
(/Users/antonio/Library/TinyTeX/texmf-dist/tex/generic/pgf/basiclayer/pgfcoresh
ade.code.tex
File: pgfcoreshade.code.tex 2019/07/17 v3.1.4a (3.1.4a)
\pgf@max=\dimen164
\pgf@sys@shading@range@num=\count118
\pgf@shadingcount=\count119
)
(/Users/antonio/Library/TinyTeX/texmf-dist/tex/generic/pgf/basiclayer/pgfcoreim
age.code.tex
File: pgfcoreimage.code.tex 2019/07/17 v3.1.4a (3.1.4a)

(/Users/antonio/Library/TinyTeX/texmf-dist/tex/generic/pgf/basiclayer/pgfcoreex
ternal.code.tex
File: pgfcoreexternal.code.tex 2019/07/17 v3.1.4a (3.1.4a)
\pgfexternal@startupbox=\box41
))
(/Users/antonio/Library/TinyTeX/texmf-dist/tex/generic/pgf/basiclayer/pgfcorela
yers.code.tex
File: pgfcorelayers.code.tex 2019/07/17 v3.1.4a (3.1.4a)
)
(/Users/antonio/Library/TinyTeX/texmf-dist/tex/generic/pgf/basiclayer/pgfcoretr
ansparency.code.tex
File: pgfcoretransparency.code.tex 2019/07/17 v3.1.4a (3.1.4a)
)
(/Users/antonio/Library/TinyTeX/texmf-dist/tex/generic/pgf/basiclayer/pgfcorepa
tterns.code.tex
File: pgfcorepatterns.code.tex 2019/07/17 v3.1.4a (3.1.4a)
)
(/Users/antonio/Library/TinyTeX/texmf-dist/tex/generic/pgf/basiclayer/pgfcorerd
f.code.tex
File: pgfcorerdf.code.tex 2019/07/17 v3.1.4a (3.1.4a)
)))
(/Users/antonio/Library/TinyTeX/texmf-dist/tex/latex/pgf/utilities/xxcolor.sty
Package: xxcolor 2003/10/24 ver 0.1
\XC@nummixins=\count120
\XC@countmixins=\count121
) (/Users/antonio/Library/TinyTeX/texmf-dist/tex/generic/oberdiek/atbegshi.sty
Package: atbegshi 2016/06/09 v1.18 At begin shipout hook (HO)

(/Users/antonio/Library/TinyTeX/texmf-dist/tex/generic/oberdiek/infwarerr.sty
Package: infwarerr 2016/05/16 v1.4 Providing info/warning/error messages (HO)
)
(/Users/antonio/Library/TinyTeX/texmf-dist/tex/generic/oberdiek/ltxcmds.sty
Package: ltxcmds 2016/05/16 v1.23 LaTeX kernel commands for general use (HO)
))
(/Users/antonio/Library/TinyTeX/texmf-dist/tex/latex/hyperref/hyperref.sty
Package: hyperref 2019/06/12 v6.88h Hypertext links for LaTeX

(/Users/antonio/Library/TinyTeX/texmf-dist/tex/generic/oberdiek/hobsub-hyperref
.sty
Package: hobsub-hyperref 2016/05/16 v1.14 Bundle oberdiek, subset hyperref (HO)


(/Users/antonio/Library/TinyTeX/texmf-dist/tex/generic/oberdiek/hobsub-generic.
sty
Package: hobsub-generic 2016/05/16 v1.14 Bundle oberdiek, subset generic (HO)
Package: hobsub 2016/05/16 v1.14 Construct package bundles (HO)
Package hobsub Info: Skipping package `infwarerr' (already loaded).
Package hobsub Info: Skipping package `ltxcmds' (already loaded).
Package: ifluatex 2016/05/16 v1.4 Provides the ifluatex switch (HO)
Package ifluatex Info: LuaTeX not detected.
Package hobsub Info: Skipping package `ifvtex' (already loaded).
Package: intcalc 2016/05/16 v1.2 Expandable calculations with integers (HO)
Package hobsub Info: Skipping package `ifpdf' (already loaded).
Package: etexcmds 2016/05/16 v1.6 Avoid name clashes with e-TeX commands (HO)
Package: kvsetkeys 2016/05/16 v1.17 Key value parser (HO)
Package: kvdefinekeys 2016/05/16 v1.4 Define keys (HO)
Package: pdftexcmds 2019/07/25 v0.30 Utility functions of pdfTeX for LuaTeX (HO
)
Package pdftexcmds Info: LuaTeX not detected.
Package pdftexcmds Info: \pdf@primitive is available.
Package pdftexcmds Info: \pdf@ifprimitive is available.
Package pdftexcmds Info: \pdfdraftmode found.
Package: pdfescape 2016/05/16 v1.14 Implements pdfTeX's escape features (HO)
Package: bigintcalc 2016/05/16 v1.4 Expandable calculations on big integers (HO
)
Package: bitset 2016/05/16 v1.2 Handle bit-vector datatype (HO)
Package: uniquecounter 2016/05/16 v1.3 Provide unlimited unique counter (HO)
)
Package hobsub Info: Skipping package `hobsub' (already loaded).
Package: letltxmacro 2016/05/16 v1.5 Let assignment for LaTeX macros (HO)
Package: hopatch 2016/05/16 v1.3 Wrapper for package hooks (HO)
Package: xcolor-patch 2016/05/16 xcolor patch
Package: atveryend 2016/05/16 v1.9 Hooks at the very end of document (HO)
Package hobsub Info: Skipping package `atbegshi' (already loaded).
Package: refcount 2016/05/16 v3.5 Data extraction from label references (HO)
Package: hycolor 2016/05/16 v1.8 Color options for hyperref/bookmark (HO)
) (/Users/antonio/Library/TinyTeX/texmf-dist/tex/latex/oberdiek/auxhook.sty
Package: auxhook 2016/05/16 v1.4 Hooks for auxiliary files (HO)
) (/Users/antonio/Library/TinyTeX/texmf-dist/tex/latex/oberdiek/kvoptions.sty
Package: kvoptions 2016/05/16 v3.12 Key value format for package options (HO)
)
\@linkdim=\dimen165
\Hy@linkcounter=\count122
\Hy@pagecounter=\count123

(/Users/antonio/Library/TinyTeX/texmf-dist/tex/latex/hyperref/pd1enc.def
File: pd1enc.def 2019/06/12 v6.88h Hyperref: PDFDocEncoding definition (HO)
Now handling font encoding PD1 ...
... no UTF-8 mapping file for font encoding PD1
)
\Hy@SavedSpaceFactor=\count124

(/Users/antonio/Library/TinyTeX/texmf-dist/tex/latex/latexconfig/hyperref.cfg
File: hyperref.cfg 2002/06/06 v1.2 hyperref configuration of TeXLive
)
Package hyperref Info: Option `unicode' set `true' on input line 4424.

(/Users/antonio/Library/TinyTeX/texmf-dist/tex/latex/hyperref/puenc.def
File: puenc.def 2019/06/12 v6.88h Hyperref: PDF Unicode definition (HO)
Now handling font encoding PU ...
... no UTF-8 mapping file for font encoding PU
)
Package hyperref Info: Option `bookmarks' set `true' on input line 4424.
Package hyperref Info: Option `bookmarksopen' set `true' on input line 4424.
Package hyperref Info: Option `implicit' set `false' on input line 4424.
Package hyperref Info: Hyper figures OFF on input line 4550.
Package hyperref Info: Link nesting OFF on input line 4555.
Package hyperref Info: Hyper index ON on input line 4558.
Package hyperref Info: Plain pages OFF on input line 4565.
Package hyperref Info: Backreferencing OFF on input line 4570.
Package hyperref Info: Implicit mode OFF; no redefinition of LaTeX internals.
Package hyperref Info: Bookmarks ON on input line 4803.
\c@Hy@tempcnt=\count125

(/Users/antonio/Library/TinyTeX/texmf-dist/tex/latex/url/url.sty
\Urlmuskip=\muskip10
Package: url 2013/09/16  ver 3.4  Verb mode for urls, etc.
)
LaTeX Info: Redefining \url on input line 5156.
\XeTeXLinkMargin=\dimen166
\Fld@menulength=\count126
\Field@Width=\dimen167
\Fld@charsize=\dimen168
Package hyperref Info: Hyper figures OFF on input line 6411.
Package hyperref Info: Link nesting OFF on input line 6416.
Package hyperref Info: Hyper index ON on input line 6419.
Package hyperref Info: backreferencing OFF on input line 6426.
Package hyperref Info: Link coloring OFF on input line 6431.
Package hyperref Info: Link coloring with OCG OFF on input line 6436.
Package hyperref Info: PDF/A mode OFF on input line 6441.
LaTeX Info: Redefining \ref on input line 6481.
LaTeX Info: Redefining \pageref on input line 6485.
\Hy@abspage=\count127


Package hyperref Message: Stopped early.

)
Package hyperref Info: Driver (autodetected): hpdftex.
 (/Users/antonio/Library/TinyTeX/texmf-dist/tex/latex/hyperref/hpdftex.def
File: hpdftex.def 2019/06/12 v6.88h Hyperref driver for pdfTeX
\Fld@listcount=\count128
\c@bookmark@seq@number=\count129

(/Users/antonio/Library/TinyTeX/texmf-dist/tex/latex/oberdiek/rerunfilecheck.st
y
Package: rerunfilecheck 2016/05/16 v1.8 Rerun checks for auxiliary files (HO)
Package uniquecounter Info: New unique counter `rerunfilecheck' on input line 2
82.
))
(/Users/antonio/Library/TinyTeX/texmf-dist/tex/latex/beamer/beamerbaserequires.
sty
(/Users/antonio/Library/TinyTeX/texmf-dist/tex/latex/beamer/beamerbasecompatibi
lity.sty)
(/Users/antonio/Library/TinyTeX/texmf-dist/tex/latex/beamer/beamerbasefont.sty
(/Users/antonio/Library/TinyTeX/texmf-dist/tex/latex/amsfonts/amssymb.sty
Package: amssymb 2013/01/14 v3.01 AMS font symbols

(/Users/antonio/Library/TinyTeX/texmf-dist/tex/latex/amsfonts/amsfonts.sty
Package: amsfonts 2013/01/14 v3.01 Basic AMSFonts support
\@emptytoks=\toks26
\symAMSa=\mathgroup4
\symAMSb=\mathgroup5
LaTeX Font Info:    Overwriting math alphabet `\mathfrak' in version `bold'
(Font)                  U/euf/m/n --> U/euf/b/n on input line 106.
)))
(/Users/antonio/Library/TinyTeX/texmf-dist/tex/latex/beamer/beamerbasetranslato
r.sty
(/Users/antonio/Library/TinyTeX/texmf-dist/tex/latex/translator/translator.sty
Package: translator 2019-05-31 v1.12a Easy translation of strings in LaTeX
))
(/Users/antonio/Library/TinyTeX/texmf-dist/tex/latex/beamer/beamerbasemisc.sty)

(/Users/antonio/Library/TinyTeX/texmf-dist/tex/latex/beamer/beamerbasetwoscreen
s.sty)
(/Users/antonio/Library/TinyTeX/texmf-dist/tex/latex/beamer/beamerbaseoverlay.s
ty
\beamer@argscount=\count130
\beamer@lastskipcover=\skip44
\beamer@trivlistdepth=\count131
)
(/Users/antonio/Library/TinyTeX/texmf-dist/tex/latex/beamer/beamerbasetitle.sty
)
(/Users/antonio/Library/TinyTeX/texmf-dist/tex/latex/beamer/beamerbasesection.s
ty
\c@lecture=\count132
\c@part=\count133
\c@section=\count134
\c@subsection=\count135
\c@subsubsection=\count136
)
(/Users/antonio/Library/TinyTeX/texmf-dist/tex/latex/beamer/beamerbaseframe.sty
\beamer@framebox=\box42
\beamer@frametitlebox=\box43
\beamer@zoombox=\box44
\beamer@zoomcount=\count137
\beamer@zoomframecount=\count138
\beamer@frametextheight=\dimen169
\c@subsectionslide=\count139
\beamer@frametopskip=\skip45
\beamer@framebottomskip=\skip46
\beamer@frametopskipautobreak=\skip47
\beamer@framebottomskipautobreak=\skip48
\beamer@envbody=\toks27
\framewidth=\dimen170
\c@framenumber=\count140
)
(/Users/antonio/Library/TinyTeX/texmf-dist/tex/latex/beamer/beamerbaseverbatim.
sty
\beamer@verbatimfileout=\write4
)
(/Users/antonio/Library/TinyTeX/texmf-dist/tex/latex/beamer/beamerbaseframesize
.sty
\beamer@splitbox=\box45
\beamer@autobreakcount=\count141
\beamer@autobreaklastheight=\dimen171
\beamer@frametitletoks=\toks28
\beamer@framesubtitletoks=\toks29
)
(/Users/antonio/Library/TinyTeX/texmf-dist/tex/latex/beamer/beamerbaseframecomp
onents.sty
\beamer@footins=\box46
)
(/Users/antonio/Library/TinyTeX/texmf-dist/tex/latex/beamer/beamerbasecolor.sty
)
(/Users/antonio/Library/TinyTeX/texmf-dist/tex/latex/beamer/beamerbasenotes.sty
\beamer@frameboxcopy=\box47
) (/Users/antonio/Library/TinyTeX/texmf-dist/tex/latex/beamer/beamerbasetoc.sty
)
(/Users/antonio/Library/TinyTeX/texmf-dist/tex/latex/beamer/beamerbasetemplates
.sty
\beamer@sbttoks=\toks30

(/Users/antonio/Library/TinyTeX/texmf-dist/tex/latex/beamer/beamerbaseauxtempla
tes.sty
(/Users/antonio/Library/TinyTeX/texmf-dist/tex/latex/beamer/beamerbaseboxes.sty
\bmb@box=\box48
\bmb@colorbox=\box49
\bmb@boxshadow=\box50
\bmb@boxshadowball=\box51
\bmb@boxshadowballlarge=\box52
\bmb@temp=\dimen172
\bmb@dima=\dimen173
\bmb@dimb=\dimen174
\bmb@prevheight=\dimen175
)
\beamer@blockheadheight=\dimen176
))
(/Users/antonio/Library/TinyTeX/texmf-dist/tex/latex/beamer/beamerbaselocalstru
cture.sty
(/Users/antonio/Library/TinyTeX/texmf-dist/tex/latex/tools/enumerate.sty
Package: enumerate 2015/07/23 v3.00 enumerate extensions (DPC)
\@enLab=\toks31
)
\c@figure=\count142
\c@table=\count143
\abovecaptionskip=\skip49
\belowcaptionskip=\skip50
)
(/Users/antonio/Library/TinyTeX/texmf-dist/tex/latex/beamer/beamerbasenavigatio
n.sty
\beamer@section@min@dim=\dimen177
)
(/Users/antonio/Library/TinyTeX/texmf-dist/tex/latex/beamer/beamerbasetheorems.
sty (/Users/antonio/Library/TinyTeX/texmf-dist/tex/latex/amsmath/amsmath.sty
Package: amsmath 2018/12/01 v2.17b AMS math features
\@mathmargin=\skip51

For additional information on amsmath, use the `?' option.
(/Users/antonio/Library/TinyTeX/texmf-dist/tex/latex/amsmath/amstext.sty
Package: amstext 2000/06/29 v2.01 AMS text

(/Users/antonio/Library/TinyTeX/texmf-dist/tex/latex/amsmath/amsgen.sty
File: amsgen.sty 1999/11/30 v2.0 generic functions
\@emptytoks=\toks32
\ex@=\dimen178
))
(/Users/antonio/Library/TinyTeX/texmf-dist/tex/latex/amsmath/amsbsy.sty
Package: amsbsy 1999/11/29 v1.2d Bold Symbols
\pmbraise@=\dimen179
)
(/Users/antonio/Library/TinyTeX/texmf-dist/tex/latex/amsmath/amsopn.sty
Package: amsopn 2016/03/08 v2.02 operator names
)
\inf@bad=\count144
LaTeX Info: Redefining \frac on input line 223.
\uproot@=\count145
\leftroot@=\count146
LaTeX Info: Redefining \overline on input line 385.
\classnum@=\count147
\DOTSCASE@=\count148
LaTeX Info: Redefining \ldots on input line 482.
LaTeX Info: Redefining \dots on input line 485.
LaTeX Info: Redefining \cdots on input line 606.
\Mathstrutbox@=\box53
\strutbox@=\box54
\big@size=\dimen180
LaTeX Font Info:    Redeclaring font encoding OML on input line 729.
LaTeX Font Info:    Redeclaring font encoding OMS on input line 730.
\macc@depth=\count149
\c@MaxMatrixCols=\count150
\dotsspace@=\muskip11
\c@parentequation=\count151
\dspbrk@lvl=\count152
\tag@help=\toks33
\row@=\count153
\column@=\count154
\maxfields@=\count155
\andhelp@=\toks34
\eqnshift@=\dimen181
\alignsep@=\dimen182
\tagshift@=\dimen183
\tagwidth@=\dimen184
\totwidth@=\dimen185
\lineht@=\dimen186
\@envbody=\toks35
\multlinegap=\skip52
\multlinetaggap=\skip53
\mathdisplay@stack=\toks36
LaTeX Info: Redefining \[ on input line 2844.
LaTeX Info: Redefining \] on input line 2845.
)
(/Users/antonio/Library/TinyTeX/texmf-dist/tex/latex/amscls/amsthm.sty
Package: amsthm 2017/10/31 v2.20.4
\thm@style=\toks37
\thm@bodyfont=\toks38
\thm@headfont=\toks39
\thm@notefont=\toks40
\thm@headpunct=\toks41
\thm@preskip=\skip54
\thm@postskip=\skip55
\thm@headsep=\skip56
\dth@everypar=\toks42
)
\c@theorem=\count156
)
(/Users/antonio/Library/TinyTeX/texmf-dist/tex/latex/beamer/beamerbasethemes.st
y))
(/Users/antonio/Library/TinyTeX/texmf-dist/tex/latex/beamer/beamerthemedefault.
sty
(/Users/antonio/Library/TinyTeX/texmf-dist/tex/latex/beamer/beamerfontthemedefa
ult.sty)
(/Users/antonio/Library/TinyTeX/texmf-dist/tex/latex/beamer/beamercolorthemedef
ault.sty)
(/Users/antonio/Library/TinyTeX/texmf-dist/tex/latex/beamer/beamerinnerthemedef
ault.sty
\beamer@dima=\dimen187
\beamer@dimb=\dimen188
)
(/Users/antonio/Library/TinyTeX/texmf-dist/tex/latex/beamer/beamerouterthemedef
ault.sty)))
(/Users/antonio/Library/TinyTeX/texmf-dist/tex/latex/pgf/utilities/pgfpages.sty
Package: pgfpages 2011/01/05 ver 0.02
(/Users/antonio/Library/TinyTeX/texmf-dist/tex/latex/tools/calc.sty
Package: calc 2017/05/25 v4.3 Infix arithmetic (KKT,FJ)
\calc@Acount=\count157
\calc@Bcount=\count158
\calc@Adimen=\dimen189
\calc@Bdimen=\dimen190
\calc@Askip=\skip57
\calc@Bskip=\skip58
LaTeX Info: Redefining \setlength on input line 80.
LaTeX Info: Redefining \addtolength on input line 81.
\calc@Ccount=\count159
\calc@Cskip=\skip59
)
\pgf@logicalpages=\count160
\pgf@firstshipout=\count161
\pgf@lastshipout=\count162
\pgf@currentshipout=\count163
\pgf@cpn=\count164
\pgf@shipoutnextto=\count165
\pgfphysicalheight=\dimen191
\pgfphysicalwidth=\dimen192
\pgfpages@shipoutbox=\box55
)
(/Users/antonio/Library/TinyTeX/texmf-dist/tex/latex/lm/lmodern.sty
Package: lmodern 2009/10/30 v1.6 Latin Modern Fonts
LaTeX Font Info:    Overwriting symbol font `operators' in version `normal'
(Font)                  OT1/cmr/m/n --> OT1/lmr/m/n on input line 22.
LaTeX Font Info:    Overwriting symbol font `letters' in version `normal'
(Font)                  OML/cmm/m/it --> OML/lmm/m/it on input line 23.
LaTeX Font Info:    Overwriting symbol font `symbols' in version `normal'
(Font)                  OMS/cmsy/m/n --> OMS/lmsy/m/n on input line 24.
LaTeX Font Info:    Overwriting symbol font `largesymbols' in version `normal'
(Font)                  OMX/cmex/m/n --> OMX/lmex/m/n on input line 25.
LaTeX Font Info:    Overwriting symbol font `operators' in version `bold'
(Font)                  OT1/cmr/bx/n --> OT1/lmr/bx/n on input line 26.
LaTeX Font Info:    Overwriting symbol font `letters' in version `bold'
(Font)                  OML/cmm/b/it --> OML/lmm/b/it on input line 27.
LaTeX Font Info:    Overwriting symbol font `symbols' in version `bold'
(Font)                  OMS/cmsy/b/n --> OMS/lmsy/b/n on input line 28.
LaTeX Font Info:    Overwriting symbol font `largesymbols' in version `bold'
(Font)                  OMX/cmex/m/n --> OMX/lmex/m/n on input line 29.
LaTeX Font Info:    Overwriting math alphabet `\mathbf' in version `normal'
(Font)                  OT1/cmr/bx/n --> OT1/lmr/bx/n on input line 31.
LaTeX Font Info:    Overwriting math alphabet `\mathsf' in version `normal'
(Font)                  OT1/cmss/m/n --> OT1/lmss/m/n on input line 32.
LaTeX Font Info:    Overwriting math alphabet `\mathit' in version `normal'
(Font)                  OT1/cmr/m/it --> OT1/lmr/m/it on input line 33.
LaTeX Font Info:    Overwriting math alphabet `\mathtt' in version `normal'
(Font)                  OT1/cmtt/m/n --> OT1/lmtt/m/n on input line 34.
LaTeX Font Info:    Overwriting math alphabet `\mathbf' in version `bold'
(Font)                  OT1/cmr/bx/n --> OT1/lmr/bx/n on input line 35.
LaTeX Font Info:    Overwriting math alphabet `\mathsf' in version `bold'
(Font)                  OT1/cmss/bx/n --> OT1/lmss/bx/n on input line 36.
LaTeX Font Info:    Overwriting math alphabet `\mathit' in version `bold'
(Font)                  OT1/cmr/bx/it --> OT1/lmr/bx/it on input line 37.
LaTeX Font Info:    Overwriting math alphabet `\mathtt' in version `bold'
(Font)                  OT1/cmtt/m/n --> OT1/lmtt/m/n on input line 38.
)
(/Users/antonio/Library/TinyTeX/texmf-dist/tex/latex/base/fixltx2e.sty
Package: fixltx2e 2016/12/29 v2.1a fixes to LaTeX (obsolete)
Applying: [2015/01/01] Old fixltx2e package on input line 46.


Package fixltx2e Warning: fixltx2e is not required with releases after 2015
(fixltx2e)                All fixes are now in the LaTeX kernel.
(fixltx2e)                See the latexrelease package for details.

Already applied: [0000/00/00] Old fixltx2e package on input line 53.
) (/Users/antonio/Library/TinyTeX/texmf-dist/tex/latex/base/fontenc.sty
Package: fontenc 2018/08/11 v2.0j Standard LaTeX package

(/Users/antonio/Library/TinyTeX/texmf-dist/tex/latex/base/t1enc.def
File: t1enc.def 2018/08/11 v2.0j Standard LaTeX file
LaTeX Font Info:    Redeclaring font encoding T1 on input line 48.
))
(/Users/antonio/Library/TinyTeX/texmf-dist/tex/latex/base/inputenc.sty
Package: inputenc 2018/08/11 v1.3c Input encoding file
\inpenc@prehook=\toks43
\inpenc@posthook=\toks44
)
(/Users/antonio/Library/TinyTeX/texmf-dist/tex/latex/base/textcomp.sty
Package: textcomp 2018/08/11 v2.0j Standard LaTeX package
Package textcomp Info: Sub-encoding information:
(textcomp)               5 = only ISO-Adobe without \textcurrency
(textcomp)               4 = 5 + \texteuro
(textcomp)               3 = 4 + \textohm
(textcomp)               2 = 3 + \textestimated + \textcurrency
(textcomp)               1 = TS1 - \textcircled - \t
(textcomp)               0 = TS1 (full)
(textcomp)             Font families with sub-encoding setting implement
(textcomp)             only a restricted character set as indicated.
(textcomp)             Family '?' is the default used for unknown fonts.
(textcomp)             See the documentation for details.
Package textcomp Info: Setting ? sub-encoding to TS1/1 on input line 79.

(/Users/antonio/Library/TinyTeX/texmf-dist/tex/latex/base/ts1enc.def
File: ts1enc.def 2001/06/05 v3.0e (jk/car/fm) Standard LaTeX file
Now handling font encoding TS1 ...
... processing UTF-8 mapping file for font encoding TS1

(/Users/antonio/Library/TinyTeX/texmf-dist/tex/latex/base/ts1enc.dfu
File: ts1enc.dfu 2018/10/05 v1.2f UTF-8 support for inputenc
   defining Unicode char U+00A2 (decimal 162)
   defining Unicode char U+00A3 (decimal 163)
   defining Unicode char U+00A4 (decimal 164)
   defining Unicode char U+00A5 (decimal 165)
   defining Unicode char U+00A6 (decimal 166)
   defining Unicode char U+00A7 (decimal 167)
   defining Unicode char U+00A8 (decimal 168)
   defining Unicode char U+00A9 (decimal 169)
   defining Unicode char U+00AA (decimal 170)
   defining Unicode char U+00AC (decimal 172)
   defining Unicode char U+00AE (decimal 174)
   defining Unicode char U+00AF (decimal 175)
   defining Unicode char U+00B0 (decimal 176)
   defining Unicode char U+00B1 (decimal 177)
   defining Unicode char U+00B2 (decimal 178)
   defining Unicode char U+00B3 (decimal 179)
   defining Unicode char U+00B4 (decimal 180)
   defining Unicode char U+00B5 (decimal 181)
   defining Unicode char U+00B6 (decimal 182)
   defining Unicode char U+00B7 (decimal 183)
   defining Unicode char U+00B9 (decimal 185)
   defining Unicode char U+00BA (decimal 186)
   defining Unicode char U+00BC (decimal 188)
   defining Unicode char U+00BD (decimal 189)
   defining Unicode char U+00BE (decimal 190)
   defining Unicode char U+00D7 (decimal 215)
   defining Unicode char U+00F7 (decimal 247)
   defining Unicode char U+0192 (decimal 402)
   defining Unicode char U+02C7 (decimal 711)
   defining Unicode char U+02D8 (decimal 728)
   defining Unicode char U+02DD (decimal 733)
   defining Unicode char U+0E3F (decimal 3647)
   defining Unicode char U+2016 (decimal 8214)
   defining Unicode char U+2020 (decimal 8224)
   defining Unicode char U+2021 (decimal 8225)
   defining Unicode char U+2022 (decimal 8226)
   defining Unicode char U+2030 (decimal 8240)
   defining Unicode char U+2031 (decimal 8241)
   defining Unicode char U+203B (decimal 8251)
   defining Unicode char U+203D (decimal 8253)
   defining Unicode char U+2044 (decimal 8260)
   defining Unicode char U+204E (decimal 8270)
   defining Unicode char U+2052 (decimal 8274)
   defining Unicode char U+20A1 (decimal 8353)
   defining Unicode char U+20A4 (decimal 8356)
   defining Unicode char U+20A6 (decimal 8358)
   defining Unicode char U+20A9 (decimal 8361)
   defining Unicode char U+20AB (decimal 8363)
   defining Unicode char U+20AC (decimal 8364)
   defining Unicode char U+20B1 (decimal 8369)
   defining Unicode char U+2103 (decimal 8451)
   defining Unicode char U+2116 (decimal 8470)
   defining Unicode char U+2117 (decimal 8471)
   defining Unicode char U+211E (decimal 8478)
   defining Unicode char U+2120 (decimal 8480)
   defining Unicode char U+2122 (decimal 8482)
   defining Unicode char U+2126 (decimal 8486)
   defining Unicode char U+2127 (decimal 8487)
   defining Unicode char U+212E (decimal 8494)
   defining Unicode char U+2190 (decimal 8592)
   defining Unicode char U+2191 (decimal 8593)
   defining Unicode char U+2192 (decimal 8594)
   defining Unicode char U+2193 (decimal 8595)
   defining Unicode char U+2329 (decimal 9001)
   defining Unicode char U+232A (decimal 9002)
   defining Unicode char U+2422 (decimal 9250)
   defining Unicode char U+25E6 (decimal 9702)
   defining Unicode char U+25EF (decimal 9711)
   defining Unicode char U+266A (decimal 9834)
   defining Unicode char U+FEFF (decimal 65279)
))
LaTeX Info: Redefining \oldstylenums on input line 334.
Package textcomp Info: Setting cmr sub-encoding to TS1/0 on input line 349.
Package textcomp Info: Setting cmss sub-encoding to TS1/0 on input line 350.
Package textcomp Info: Setting cmtt sub-encoding to TS1/0 on input line 351.
Package textcomp Info: Setting cmvtt sub-encoding to TS1/0 on input line 352.
Package textcomp Info: Setting cmbr sub-encoding to TS1/0 on input line 353.
Package textcomp Info: Setting cmtl sub-encoding to TS1/0 on input line 354.
Package textcomp Info: Setting ccr sub-encoding to TS1/0 on input line 355.
Package textcomp Info: Setting ptm sub-encoding to TS1/4 on input line 356.
Package textcomp Info: Setting pcr sub-encoding to TS1/4 on input line 357.
Package textcomp Info: Setting phv sub-encoding to TS1/4 on input line 358.
Package textcomp Info: Setting ppl sub-encoding to TS1/3 on input line 359.
Package textcomp Info: Setting pag sub-encoding to TS1/4 on input line 360.
Package textcomp Info: Setting pbk sub-encoding to TS1/4 on input line 361.
Package textcomp Info: Setting pnc sub-encoding to TS1/4 on input line 362.
Package textcomp Info: Setting pzc sub-encoding to TS1/4 on input line 363.
Package textcomp Info: Setting bch sub-encoding to TS1/4 on input line 364.
Package textcomp Info: Setting put sub-encoding to TS1/5 on input line 365.
Package textcomp Info: Setting uag sub-encoding to TS1/5 on input line 366.
Package textcomp Info: Setting ugq sub-encoding to TS1/5 on input line 367.
Package textcomp Info: Setting ul8 sub-encoding to TS1/4 on input line 368.
Package textcomp Info: Setting ul9 sub-encoding to TS1/4 on input line 369.
Package textcomp Info: Setting augie sub-encoding to TS1/5 on input line 370.
Package textcomp Info: Setting dayrom sub-encoding to TS1/3 on input line 371.
Package textcomp Info: Setting dayroms sub-encoding to TS1/3 on input line 372.

Package textcomp Info: Setting pxr sub-encoding to TS1/0 on input line 373.
Package textcomp Info: Setting pxss sub-encoding to TS1/0 on input line 374.
Package textcomp Info: Setting pxtt sub-encoding to TS1/0 on input line 375.
Package textcomp Info: Setting txr sub-encoding to TS1/0 on input line 376.
Package textcomp Info: Setting txss sub-encoding to TS1/0 on input line 377.
Package textcomp Info: Setting txtt sub-encoding to TS1/0 on input line 378.
Package textcomp Info: Setting lmr sub-encoding to TS1/0 on input line 379.
Package textcomp Info: Setting lmdh sub-encoding to TS1/0 on input line 380.
Package textcomp Info: Setting lmss sub-encoding to TS1/0 on input line 381.
Package textcomp Info: Setting lmssq sub-encoding to TS1/0 on input line 382.
Package textcomp Info: Setting lmvtt sub-encoding to TS1/0 on input line 383.
Package textcomp Info: Setting lmtt sub-encoding to TS1/0 on input line 384.
Package textcomp Info: Setting qhv sub-encoding to TS1/0 on input line 385.
Package textcomp Info: Setting qag sub-encoding to TS1/0 on input line 386.
Package textcomp Info: Setting qbk sub-encoding to TS1/0 on input line 387.
Package textcomp Info: Setting qcr sub-encoding to TS1/0 on input line 388.
Package textcomp Info: Setting qcs sub-encoding to TS1/0 on input line 389.
Package textcomp Info: Setting qpl sub-encoding to TS1/0 on input line 390.
Package textcomp Info: Setting qtm sub-encoding to TS1/0 on input line 391.
Package textcomp Info: Setting qzc sub-encoding to TS1/0 on input line 392.
Package textcomp Info: Setting qhvc sub-encoding to TS1/0 on input line 393.
Package textcomp Info: Setting futs sub-encoding to TS1/4 on input line 394.
Package textcomp Info: Setting futx sub-encoding to TS1/4 on input line 395.
Package textcomp Info: Setting futj sub-encoding to TS1/4 on input line 396.
Package textcomp Info: Setting hlh sub-encoding to TS1/3 on input line 397.
Package textcomp Info: Setting hls sub-encoding to TS1/3 on input line 398.
Package textcomp Info: Setting hlst sub-encoding to TS1/3 on input line 399.
Package textcomp Info: Setting hlct sub-encoding to TS1/5 on input line 400.
Package textcomp Info: Setting hlx sub-encoding to TS1/5 on input line 401.
Package textcomp Info: Setting hlce sub-encoding to TS1/5 on input line 402.
Package textcomp Info: Setting hlcn sub-encoding to TS1/5 on input line 403.
Package textcomp Info: Setting hlcw sub-encoding to TS1/5 on input line 404.
Package textcomp Info: Setting hlcf sub-encoding to TS1/5 on input line 405.
Package textcomp Info: Setting pplx sub-encoding to TS1/3 on input line 406.
Package textcomp Info: Setting pplj sub-encoding to TS1/3 on input line 407.
Package textcomp Info: Setting ptmx sub-encoding to TS1/4 on input line 408.
Package textcomp Info: Setting ptmj sub-encoding to TS1/4 on input line 409.
)
(/Users/antonio/Library/TinyTeX/texmf-dist/tex/latex/beamertheme-metropolis/bea
merthememetropolis.sty
Package: beamerthememetropolis 2017/01/23 v1.2 Metropolis Beamer theme

(/Users/antonio/Library/TinyTeX/texmf-dist/tex/latex/pgfopts/pgfopts.sty
Package: pgfopts 2014/07/10 v2.1a LaTeX package options with pgfkeys

(/Users/antonio/Library/TinyTeX/texmf-dist/tex/latex/pgf/utilities/pgfkeys.sty
(/Users/antonio/Library/TinyTeX/texmf-dist/tex/generic/pgf/utilities/pgfkeys.co
de.tex))
\pgfopts@list@add@a@toks=\toks45
\pgfopts@list@add@b@toks=\toks46
)
(/Users/antonio/Library/TinyTeX/texmf-dist/tex/latex/beamertheme-metropolis/bea
merinnerthememetropolis.sty
Package: beamerinnerthememetropolis 2017/01/23 Metropolis inner theme

(/Users/antonio/Library/TinyTeX/texmf-dist/tex/latex/pgf/frontendlayer/tikz.sty
(/Users/antonio/Library/TinyTeX/texmf-dist/tex/latex/pgf/basiclayer/pgf.sty
Package: pgf 2019/07/17 v3.1.4a (3.1.4a)

(/Users/antonio/Library/TinyTeX/texmf-dist/tex/generic/pgf/modules/pgfmodulesha
pes.code.tex
File: pgfmoduleshapes.code.tex 2019/07/17 v3.1.4a (3.1.4a)
\pgfnodeparttextbox=\box56
)
(/Users/antonio/Library/TinyTeX/texmf-dist/tex/generic/pgf/modules/pgfmoduleplo
t.code.tex
File: pgfmoduleplot.code.tex 2019/07/17 v3.1.4a (3.1.4a)
)
(/Users/antonio/Library/TinyTeX/texmf-dist/tex/latex/pgf/compatibility/pgfcomp-
version-0-65.sty
Package: pgfcomp-version-0-65 2019/07/17 v3.1.4a (3.1.4a)
\pgf@nodesepstart=\dimen193
\pgf@nodesepend=\dimen194
)
(/Users/antonio/Library/TinyTeX/texmf-dist/tex/latex/pgf/compatibility/pgfcomp-
version-1-18.sty
Package: pgfcomp-version-1-18 2019/07/17 v3.1.4a (3.1.4a)
))
(/Users/antonio/Library/TinyTeX/texmf-dist/tex/latex/pgf/utilities/pgffor.sty
(/Users/antonio/Library/TinyTeX/texmf-dist/tex/latex/pgf/math/pgfmath.sty
(/Users/antonio/Library/TinyTeX/texmf-dist/tex/generic/pgf/math/pgfmath.code.te
x))
(/Users/antonio/Library/TinyTeX/texmf-dist/tex/generic/pgf/utilities/pgffor.cod
e.tex
Package: pgffor 2019/07/17 v3.1.4a (3.1.4a)

(/Users/antonio/Library/TinyTeX/texmf-dist/tex/generic/pgf/math/pgfmath.code.te
x)
\pgffor@iter=\dimen195
\pgffor@skip=\dimen196
\pgffor@stack=\toks47
\pgffor@toks=\toks48
))
(/Users/antonio/Library/TinyTeX/texmf-dist/tex/generic/pgf/frontendlayer/tikz/t
ikz.code.tex
Package: tikz 2019/07/17 v3.1.4a (3.1.4a)

(/Users/antonio/Library/TinyTeX/texmf-dist/tex/generic/pgf/libraries/pgflibrary
plothandlers.code.tex
File: pgflibraryplothandlers.code.tex 2019/07/17 v3.1.4a (3.1.4a)
\pgf@plot@mark@count=\count166
\pgfplotmarksize=\dimen197
)
\tikz@lastx=\dimen198
\tikz@lasty=\dimen199
\tikz@lastxsaved=\dimen256
\tikz@lastysaved=\dimen257
\tikz@lastmovetox=\dimen258
\tikz@lastmovetoy=\dimen259
\tikzleveldistance=\dimen260
\tikzsiblingdistance=\dimen261
\tikz@figbox=\box57
\tikz@figbox@bg=\box58
\tikz@tempbox=\box59
\tikz@tempbox@bg=\box60
\tikztreelevel=\count167
\tikznumberofchildren=\count168
\tikznumberofcurrentchild=\count169
\tikz@fig@count=\count170

(/Users/antonio/Library/TinyTeX/texmf-dist/tex/generic/pgf/modules/pgfmodulemat
rix.code.tex
File: pgfmodulematrix.code.tex 2019/07/17 v3.1.4a (3.1.4a)
\pgfmatrixcurrentrow=\count171
\pgfmatrixcurrentcolumn=\count172
\pgf@matrix@numberofcolumns=\count173
)
\tikz@expandcount=\count174

(/Users/antonio/Library/TinyTeX/texmf-dist/tex/generic/pgf/frontendlayer/tikz/l
ibraries/tikzlibrarytopaths.code.tex
File: tikzlibrarytopaths.code.tex 2019/07/17 v3.1.4a (3.1.4a)
)))
\metropolis@titleseparator@linewidth=\skip60
\metropolis@progressonsectionpage=\skip61
\metropolis@progressonsectionpage@linewidth=\skip62
\metropolis@blocksep=\skip63
\metropolis@blockadjust=\skip64
\metropolis@parskip=\skip65
)
(/Users/antonio/Library/TinyTeX/texmf-dist/tex/latex/beamertheme-metropolis/bea
merouterthememetropolis.sty
Package: beamerouterthememetropolis 2017/01/23 Metropolis outer theme
\metropolis@frametitle@padding=\skip66
\metropolis@progressinheadfoot=\skip67
\metropolis@progressinheadfoot@linewidth=\skip68
)
(/Users/antonio/Library/TinyTeX/texmf-dist/tex/latex/beamertheme-metropolis/bea
mercolorthememetropolis.sty
Package: beamercolorthememetropolis 2017/01/23 Metropolis color theme
)
(/Users/antonio/Library/TinyTeX/texmf-dist/tex/latex/beamertheme-metropolis/bea
merfontthememetropolis.sty
Package: beamerfontthememetropolis 2017/01/23 Metropolis font theme


Package beamerthememetropolis Warning: You need to compile with XeLaTeX or LuaL
aTeX to use the Fira fonts on input line 95.

)) (/Users/antonio/Library/TinyTeX/texmf-dist/tex/latex/upquote/upquote.sty
Package: upquote 2012/04/19 v1.3 upright-quote and grave-accent glyphs in verba
tim
)
Package hyperref Info: Option `breaklinks' set `true' on input line 74.

(/Users/antonio/Library/TinyTeX/texmf-dist/tex/latex/oberdiek/grffile.sty
Package: grffile 2017/06/30 v1.18 Extended file name support for graphics (HO)
Package grffile Info: Option `multidot' is set to `true'.
Package grffile Info: Option `extendedchars' is set to `false'.
Package grffile Info: Option `space' is set to `true'.
Package grffile Info: \Gin@ii of package `graphicx' fixed on input line 494.
)
(./slides.aux)
\openout1 = `slides.aux'.

LaTeX Font Info:    Checking defaults for OML/cmm/m/it on input line 104.
LaTeX Font Info:    ... okay on input line 104.
LaTeX Font Info:    Checking defaults for T1/cmr/m/n on input line 104.
LaTeX Font Info:    ... okay on input line 104.
LaTeX Font Info:    Checking defaults for OT1/cmr/m/n on input line 104.
LaTeX Font Info:    ... okay on input line 104.
LaTeX Font Info:    Checking defaults for OMS/cmsy/m/n on input line 104.
LaTeX Font Info:    ... okay on input line 104.
LaTeX Font Info:    Checking defaults for OMX/cmex/m/n on input line 104.
LaTeX Font Info:    ... okay on input line 104.
LaTeX Font Info:    Checking defaults for U/cmr/m/n on input line 104.
LaTeX Font Info:    ... okay on input line 104.
LaTeX Font Info:    Checking defaults for PD1/pdf/m/n on input line 104.
LaTeX Font Info:    ... okay on input line 104.
LaTeX Font Info:    Checking defaults for PU/pdf/m/n on input line 104.
LaTeX Font Info:    ... okay on input line 104.
LaTeX Font Info:    Checking defaults for TS1/cmr/m/n on input line 104.
LaTeX Font Info:    Try loading font information for TS1+cmr on input line 104.


(/Users/antonio/Library/TinyTeX/texmf-dist/tex/latex/base/ts1cmr.fd
File: ts1cmr.fd 2014/09/29 v2.5h Standard LaTeX font definitions
)
LaTeX Font Info:    ... okay on input line 104.
LaTeX Font Info:    Try loading font information for T1+lmss on input line 104.


(/Users/antonio/Library/TinyTeX/texmf-dist/tex/latex/lm/t1lmss.fd
File: t1lmss.fd 2009/10/30 v1.6 Font defs for Latin Modern
)
*geometry* driver: auto-detecting
*geometry* detected driver: pdftex
*geometry* verbose mode - [ preamble ] result:
* driver: pdftex
* paper: custom
* layout: <same size as paper>
* layoutoffset:(h,v)=(0.0pt,0.0pt)
* modes: includehead includefoot 
* h-part:(L,W,R)=(28.45274pt, 307.28987pt, 28.45274pt)
* v-part:(T,H,B)=(0.0pt, 273.14662pt, 0.0pt)
* \paperwidth=364.19536pt
* \paperheight=273.14662pt
* \textwidth=307.28987pt
* \textheight=244.6939pt
* \oddsidemargin=-43.81725pt
* \evensidemargin=-43.81725pt
* \topmargin=-72.26999pt
* \headheight=14.22636pt
* \headsep=0.0pt
* \topskip=11.0pt
* \footskip=14.22636pt
* \marginparwidth=4.0pt
* \marginparsep=10.0pt
* \columnsep=10.0pt
* \skip\footins=10.0pt plus 4.0pt minus 2.0pt
* \hoffset=0.0pt
* \voffset=0.0pt
* \mag=1000
* \@twocolumnfalse
* \@twosidefalse
* \@mparswitchfalse
* \@reversemarginfalse
* (1in=72.27pt=25.4mm, 1cm=28.453pt)


(/Users/antonio/Library/TinyTeX/texmf-dist/tex/latex/oberdiek/epstopdf-base.sty
Package: epstopdf-base 2016/05/15 v2.6 Base part for package epstopdf
(/Users/antonio/Library/TinyTeX/texmf-dist/tex/latex/oberdiek/grfext.sty
Package: grfext 2016/05/16 v1.2 Manage graphics extensions (HO)
)
Package epstopdf-base Info: Redefining graphics rule for `.eps' on input line 4
38.
Package grfext Info: Graphics extension search list:
(grfext)             [.pdf,.png,.jpg,.mps,.jpeg,.jbig2,.jb2,.PDF,.PNG,.JPG,.JPE
G,.JBIG2,.JB2,.eps]
(grfext)             \AppendGraphicsExtensions on input line 456.

(/Users/antonio/Library/TinyTeX/texmf-dist/tex/latex/latexconfig/epstopdf-sys.c
fg
File: epstopdf-sys.cfg 2010/07/13 v1.3 Configuration of (r)epstopdf for TeX Liv
e
)) ABD: EveryShipout initializing macros
\AtBeginShipoutBox=\box61
Package hyperref Info: Link coloring OFF on input line 104.

(/Users/antonio/Library/TinyTeX/texmf-dist/tex/latex/hyperref/nameref.sty
Package: nameref 2016/05/21 v2.44 Cross-referencing by name of section

(/Users/antonio/Library/TinyTeX/texmf-dist/tex/generic/oberdiek/gettitlestring.
sty
Package: gettitlestring 2016/05/16 v1.5 Cleanup title references (HO)
)
\c@section@level=\count175
)
LaTeX Info: Redefining \ref on input line 104.
LaTeX Info: Redefining \pageref on input line 104.
LaTeX Info: Redefining \nameref on input line 104.
 (./slides.out) (./slides.out)
\@outlinefile=\write5
\openout5 = `slides.out'.

LaTeX Font Info:    Overwriting symbol font `operators' in version `normal'
(Font)                  OT1/lmr/m/n --> OT1/cmss/m/n on input line 104.
LaTeX Font Info:    Overwriting symbol font `operators' in version `bold'
(Font)                  OT1/lmr/bx/n --> OT1/cmss/bx/n on input line 104.
LaTeX Font Info:    Overwriting symbol font `operators' in version `normal'
(Font)                  OT1/cmss/m/n --> OT1/lmss/m/n on input line 104.
LaTeX Font Info:    Overwriting symbol font `operators' in version `bold'
(Font)                  OT1/cmss/bx/n --> OT1/lmss/bx/n on input line 104.
\symnumbers=\mathgroup6
\sympureletters=\mathgroup7
LaTeX Font Info:    Overwriting math alphabet `\mathrm' in version `normal'
(Font)                  OT1/lmss/m/n --> T1/lmr/m/n on input line 104.
LaTeX Font Info:    Redeclaring math alphabet \mathbf on input line 104.
LaTeX Font Info:    Overwriting math alphabet `\mathbf' in version `normal'
(Font)                  OT1/lmr/bx/n --> T1/lmss/bx/n on input line 104.
LaTeX Font Info:    Overwriting math alphabet `\mathbf' in version `bold'
(Font)                  OT1/lmr/bx/n --> T1/lmss/bx/n on input line 104.
LaTeX Font Info:    Redeclaring math alphabet \mathsf on input line 104.
LaTeX Font Info:    Overwriting math alphabet `\mathsf' in version `normal'
(Font)                  OT1/lmss/m/n --> T1/lmss/m/n on input line 104.
LaTeX Font Info:    Overwriting math alphabet `\mathsf' in version `bold'
(Font)                  OT1/lmss/bx/n --> T1/lmss/m/n on input line 104.
LaTeX Font Info:    Redeclaring math alphabet \mathit on input line 104.
LaTeX Font Info:    Overwriting math alphabet `\mathit' in version `normal'
(Font)                  OT1/lmr/m/it --> T1/lmss/m/it on input line 104.
LaTeX Font Info:    Overwriting math alphabet `\mathit' in version `bold'
(Font)                  OT1/lmr/bx/it --> T1/lmss/m/it on input line 104.
LaTeX Font Info:    Redeclaring math alphabet \mathtt on input line 104.
LaTeX Font Info:    Overwriting math alphabet `\mathtt' in version `normal'
(Font)                  OT1/lmtt/m/n --> T1/lmtt/m/n on input line 104.
LaTeX Font Info:    Overwriting math alphabet `\mathtt' in version `bold'
(Font)                  OT1/lmtt/m/n --> T1/lmtt/m/n on input line 104.
LaTeX Font Info:    Overwriting symbol font `numbers' in version `bold'
(Font)                  T1/lmss/m/n --> T1/lmss/bx/n on input line 104.
LaTeX Font Info:    Overwriting symbol font `pureletters' in version `bold'
(Font)                  T1/lmss/m/it --> T1/lmss/bx/it on input line 104.
LaTeX Font Info:    Overwriting math alphabet `\mathrm' in version `bold'
(Font)                  OT1/lmss/bx/n --> T1/lmr/bx/n on input line 104.
LaTeX Font Info:    Overwriting math alphabet `\mathbf' in version `bold'
(Font)                  T1/lmss/bx/n --> T1/lmss/bx/n on input line 104.
LaTeX Font Info:    Overwriting math alphabet `\mathsf' in version `bold'
(Font)                  T1/lmss/m/n --> T1/lmss/bx/n on input line 104.
LaTeX Font Info:    Overwriting math alphabet `\mathit' in version `bold'
(Font)                  T1/lmss/m/it --> T1/lmss/bx/it on input line 104.
LaTeX Font Info:    Overwriting math alphabet `\mathtt' in version `bold'
(Font)                  T1/lmtt/m/n --> T1/lmtt/bx/n on input line 104.

(/Users/antonio/Library/TinyTeX/texmf-dist/tex/latex/translator/translator-basi
c-dictionary-English.dict
Dictionary: translator-basic-dictionary, Language: English 
)
(/Users/antonio/Library/TinyTeX/texmf-dist/tex/latex/translator/translator-bibl
iography-dictionary-English.dict
Dictionary: translator-bibliography-dictionary, Language: English 
)
(/Users/antonio/Library/TinyTeX/texmf-dist/tex/latex/translator/translator-envi
ronment-dictionary-English.dict
Dictionary: translator-environment-dictionary, Language: English 
)
(/Users/antonio/Library/TinyTeX/texmf-dist/tex/latex/translator/translator-mont
hs-dictionary-English.dict
Dictionary: translator-months-dictionary, Language: English 
)
(/Users/antonio/Library/TinyTeX/texmf-dist/tex/latex/translator/translator-numb
ers-dictionary-English.dict
Dictionary: translator-numbers-dictionary, Language: English 
)
(/Users/antonio/Library/TinyTeX/texmf-dist/tex/latex/translator/translator-theo
rem-dictionary-English.dict
Dictionary: translator-theorem-dictionary, Language: English 
) (./slides.nav)
Overfull \vbox (44.55624pt too high) detected at line 105
 []

<images/INFNlogo2017.png, id=29, 79.79813pt x 40.65187pt>
File: images/INFNlogo2017.png Graphic file (type png)
<use images/INFNlogo2017.png>
Package pdftex.def Info: images/INFNlogo2017.png  used on input line 105.
(pdftex.def)             Requested size: 79.79791pt x 40.65176pt.
[1

{/Users/antonio/Library/TinyTeX/texmf-var/fonts/map/pdftex/updmap/pdftex.map} <
./images/INFNlogo2017.png>] (./slides.toc)
File: images/INFNlogo2017.png Graphic file (type png)
<use images/INFNlogo2017.png>
Package pdftex.def Info: images/INFNlogo2017.png  used on input line 109.
(pdftex.def)             Requested size: 79.79791pt x 40.65176pt.
 [2

]
File: images/INFNlogo2017.png Graphic file (type png)
<use images/INFNlogo2017.png>
Package pdftex.def Info: images/INFNlogo2017.png  used on input line 111.
(pdftex.def)             Requested size: 79.79791pt x 40.65176pt.
 [3

]
LaTeX Font Info:    Try loading font information for TS1+lmss on input line 123
.

(/Users/antonio/Library/TinyTeX/texmf-dist/tex/latex/lm/ts1lmss.fd
File: ts1lmss.fd 2009/10/30 v1.6 Font defs for Latin Modern
)
File: images/INFNlogo2017.png Graphic file (type png)
<use images/INFNlogo2017.png>
Package pdftex.def Info: images/INFNlogo2017.png  used on input line 123.
(pdftex.def)             Requested size: 79.79791pt x 40.65176pt.
 [4

]
File: images/INFNlogo2017.png Graphic file (type png)
<use images/INFNlogo2017.png>
Package pdftex.def Info: images/INFNlogo2017.png  used on input line 126.
(pdftex.def)             Requested size: 79.79791pt x 40.65176pt.

[5

]
<images/spi_1.png, id=66, 812.28468pt x 231.86626pt>
File: images/spi_1.png Graphic file (type png)
<use images/spi_1.png>
Package pdftex.def Info: images/spi_1.png  used on input line 135.
(pdftex.def)             Requested size: 307.2832pt x 87.71382pt.
<images/spi_2.png, id=67, 807.7678pt x 224.33812pt>
File: images/spi_2.png Graphic file (type png)
<use images/spi_2.png>
Package pdftex.def Info: images/spi_2.png  used on input line 135.
(pdftex.def)             Requested size: 307.28773pt x 85.34178pt.
File: images/INFNlogo2017.png Graphic file (type png)
<use images/INFNlogo2017.png>
Package pdftex.def Info: images/INFNlogo2017.png  used on input line 135.
(pdftex.def)             Requested size: 79.79791pt x 40.65176pt.
 [6

 <./images/spi_1.png> <./images/spi_2.png>]
LaTeX Font Info:    Try loading font information for OT1+lmss on input line 160
.

(/Users/antonio/Library/TinyTeX/texmf-dist/tex/latex/lm/ot1lmss.fd
File: ot1lmss.fd 2009/10/30 v1.6 Font defs for Latin Modern
)
LaTeX Font Info:    Try loading font information for OML+lmm on input line 160.


(/Users/antonio/Library/TinyTeX/texmf-dist/tex/latex/lm/omllmm.fd
File: omllmm.fd 2009/10/30 v1.6 Font defs for Latin Modern
)
LaTeX Font Info:    Try loading font information for OMS+lmsy on input line 160
.

(/Users/antonio/Library/TinyTeX/texmf-dist/tex/latex/lm/omslmsy.fd
File: omslmsy.fd 2009/10/30 v1.6 Font defs for Latin Modern
)
LaTeX Font Info:    Try loading font information for OMX+lmex on input line 160
.

(/Users/antonio/Library/TinyTeX/texmf-dist/tex/latex/lm/omxlmex.fd
File: omxlmex.fd 2009/10/30 v1.6 Font defs for Latin Modern
)
LaTeX Font Info:    External font `lmex10' loaded for size
(Font)              <10.95> on input line 160.
LaTeX Font Info:    External font `lmex10' loaded for size
(Font)              <8> on input line 160.
LaTeX Font Info:    External font `lmex10' loaded for size
(Font)              <6> on input line 160.
LaTeX Font Info:    Try loading font information for U+msa on input line 160.

(/Users/antonio/Library/TinyTeX/texmf-dist/tex/latex/amsfonts/umsa.fd
File: umsa.fd 2013/01/14 v3.01 AMS symbols A
)
LaTeX Font Info:    Try loading font information for U+msb on input line 160.

(/Users/antonio/Library/TinyTeX/texmf-dist/tex/latex/amsfonts/umsb.fd
File: umsb.fd 2013/01/14 v3.01 AMS symbols B
)
LaTeX Font Info:    Font shape `T1/lmss/m/it' in size <10.95> not available
(Font)              Font shape `T1/lmss/m/sl' tried instead on input line 160.
LaTeX Font Info:    Font shape `T1/lmss/m/it' in size <8> not available
(Font)              Font shape `T1/lmss/m/sl' tried instead on input line 160.
LaTeX Font Info:    Font shape `T1/lmss/m/it' in size <6> not available
(Font)              Font shape `T1/lmss/m/sl' tried instead on input line 160.
LaTeX Font Info:    Try loading font information for T1+lmr on input line 160.

(/Users/antonio/Library/TinyTeX/texmf-dist/tex/latex/lm/t1lmr.fd
File: t1lmr.fd 2009/10/30 v1.6 Font defs for Latin Modern
)
File: images/INFNlogo2017.png Graphic file (type png)
<use images/INFNlogo2017.png>
Package pdftex.def Info: images/INFNlogo2017.png  used on input line 160.
(pdftex.def)             Requested size: 79.79791pt x 40.65176pt.
 [7

]
<images/spi_schema.png, id=84, 804.75656pt x 216.05719pt>
File: images/spi_schema.png Graphic file (type png)
<use images/spi_schema.png>
Package pdftex.def Info: images/spi_schema.png  used on input line 179.
(pdftex.def)             Requested size: 307.28421pt x 82.49818pt.
File: images/INFNlogo2017.png Graphic file (type png)
<use images/INFNlogo2017.png>
Package pdftex.def Info: images/INFNlogo2017.png  used on input line 179.
(pdftex.def)             Requested size: 79.79791pt x 40.65176pt.
 [8

 <./images/spi_schema.png>]
File: images/INFNlogo2017.png Graphic file (type png)
<use images/INFNlogo2017.png>
Package pdftex.def Info: images/INFNlogo2017.png  used on input line 201.
(pdftex.def)             Requested size: 79.79791pt x 40.65176pt.
 [9

]
<images/board.jpg, id=98, 381.67593pt x 303.38344pt>
File: images/board.jpg Graphic file (type jpg)
<use images/board.jpg>
Package pdftex.def Info: images/board.jpg  used on input line 208.
(pdftex.def)             Requested size: 245.83257pt x 195.40536pt.
File: images/INFNlogo2017.png Graphic file (type png)
<use images/INFNlogo2017.png>
Package pdftex.def Info: images/INFNlogo2017.png  used on input line 208.
(pdftex.def)             Requested size: 79.79791pt x 40.65176pt.
 [10

 <./images/board.jpg>]
File: images/INFNlogo2017.png Graphic file (type png)
<use images/INFNlogo2017.png>
Package pdftex.def Info: images/INFNlogo2017.png  used on input line 211.
(pdftex.def)             Requested size: 79.79791pt x 40.65176pt.
 [11

]
<images/flash.png, id=111, 768.62157pt x 346.29375pt>
File: images/flash.png Graphic file (type png)
<use images/flash.png>
Package pdftex.def Info: images/flash.png  used on input line 218.
(pdftex.def)             Requested size: 307.29071pt x 138.44635pt.
File: images/INFNlogo2017.png Graphic file (type png)
<use images/INFNlogo2017.png>
Package pdftex.def Info: images/INFNlogo2017.png  used on input line 218.
(pdftex.def)             Requested size: 79.79791pt x 40.65176pt.
 [12

 <./images/flash.png>]
<images/org.png, id=119, 773.89125pt x 282.30469pt>
File: images/org.png Graphic file (type png)
<use images/org.png>
Package pdftex.def Info: images/org.png  used on input line 232.
(pdftex.def)             Requested size: 307.28375pt x 112.0928pt.
File: images/INFNlogo2017.png Graphic file (type png)
<use images/INFNlogo2017.png>
Package pdftex.def Info: images/INFNlogo2017.png  used on input line 232.
(pdftex.def)             Requested size: 79.79791pt x 40.65176pt.
 [13

 <./images/org.png>]
<images/table.png, id=129, 644.4075pt x 312.41719pt>
File: images/table.png Graphic file (type png)
<use images/table.png>
Package pdftex.def Info: images/table.png  used on input line 245.
(pdftex.def)             Requested size: 307.29636pt x 148.98128pt.

Overfull \vbox (22.56398pt too high) detected at line 245
 []

File: images/INFNlogo2017.png Graphic file (type png)
<use images/INFNlogo2017.png>
Package pdftex.def Info: images/INFNlogo2017.png  used on input line 245.
(pdftex.def)             Requested size: 79.79791pt x 40.65176pt.
[14

 <./images/table.png>]
<images/read.png, id=137, 758.835pt x 357.58594pt>
File: images/read.png Graphic file (type png)
<use images/read.png>
Package pdftex.def Info: images/read.png  used on input line 252.
(pdftex.def)             Requested size: 307.29176pt x 144.80513pt.
File: images/INFNlogo2017.png Graphic file (type png)
<use images/INFNlogo2017.png>
Package pdftex.def Info: images/INFNlogo2017.png  used on input line 252.
(pdftex.def)             Requested size: 79.79791pt x 40.65176pt.
 [15

 <./images/read.png>]
File: images/INFNlogo2017.png Graphic file (type png)
<use images/INFNlogo2017.png>
Package pdftex.def Info: images/INFNlogo2017.png  used on input line 275.
(pdftex.def)             Requested size: 79.79791pt x 40.65176pt.
 [16

]
File: images/INFNlogo2017.png Graphic file (type png)
<use images/INFNlogo2017.png>
Package pdftex.def Info: images/INFNlogo2017.png  used on input line 278.
(pdftex.def)             Requested size: 79.79791pt x 40.65176pt.
 [17

]
<images/master.png, id=157, 370.38374pt x 302.63063pt>
File: images/master.png Graphic file (type png)
<use images/master.png>
Package pdftex.def Info: images/master.png  used on input line 293.
(pdftex.def)             Requested size: 153.64421pt x 125.53856pt.
File: images/INFNlogo2017.png Graphic file (type png)
<use images/INFNlogo2017.png>
Package pdftex.def Info: images/INFNlogo2017.png  used on input line 293.
(pdftex.def)             Requested size: 79.79791pt x 40.65176pt.
 [18

 <./images/master.png>]
File: images/INFNlogo2017.png Graphic file (type png)
<use images/INFNlogo2017.png>
Package pdftex.def Info: images/INFNlogo2017.png  used on input line 315.
(pdftex.def)             Requested size: 79.79791pt x 40.65176pt.
 [19

]
File: images/INFNlogo2017.png Graphic file (type png)
<use images/INFNlogo2017.png>
Package pdftex.def Info: images/INFNlogo2017.png  used on input line 338.
(pdftex.def)             Requested size: 79.79791pt x 40.65176pt.
 [20

]
LaTeX Font Info:    External font `lmex10' loaded for size
(Font)              <10> on input line 370.
LaTeX Font Info:    External font `lmex10' loaded for size
(Font)              <7> on input line 370.
LaTeX Font Info:    External font `lmex10' loaded for size
(Font)              <5> on input line 370.
LaTeX Font Info:    Font shape `T1/lmss/m/it' in size <10> not available
(Font)              Font shape `T1/lmss/m/sl' tried instead on input line 370.
LaTeX Font Info:    Font shape `T1/lmss/m/it' in size <7> not available
(Font)              Font shape `T1/lmss/m/sl' tried instead on input line 370.
LaTeX Font Info:    Font shape `T1/lmss/m/it' in size <5> not available
(Font)              Font shape `T1/lmss/m/sl' tried instead on input line 370.
File: images/INFNlogo2017.png Graphic file (type png)
<use images/INFNlogo2017.png>
Package pdftex.def Info: images/INFNlogo2017.png  used on input line 370.
(pdftex.def)             Requested size: 79.79791pt x 40.65176pt.
 [21

]
File: images/INFNlogo2017.png Graphic file (type png)
<use images/INFNlogo2017.png>
Package pdftex.def Info: images/INFNlogo2017.png  used on input line 388.
(pdftex.def)             Requested size: 79.79791pt x 40.65176pt.
 [22

]
<images/code.png, id=193, 485.56406pt x 243.15843pt>
File: images/code.png Graphic file (type png)
<use images/code.png>
Package pdftex.def Info: images/code.png  used on input line 399.
(pdftex.def)             Requested size: 307.28506pt x 153.88074pt.
File: images/INFNlogo2017.png Graphic file (type png)
<use images/INFNlogo2017.png>
Package pdftex.def Info: images/INFNlogo2017.png  used on input line 399.
(pdftex.def)             Requested size: 79.79791pt x 40.65176pt.
 [23

 <./images/code.png>]
<images/ila.png, id=201, 639.13782pt x 118.19156pt>
File: images/ila.png Graphic file (type png)
<use images/ila.png>
Package pdftex.def Info: images/ila.png  used on input line 414.
(pdftex.def)             Requested size: 307.2898pt x 56.82507pt.
File: images/INFNlogo2017.png Graphic file (type png)
<use images/INFNlogo2017.png>
Package pdftex.def Info: images/INFNlogo2017.png  used on input line 414.
(pdftex.def)             Requested size: 79.79791pt x 40.65176pt.
 [24

 <./images/ila.png>]
\tf@nav=\write6
\openout6 = `slides.nav'.

\tf@toc=\write7
\openout7 = `slides.toc'.

\tf@snm=\write8
\openout8 = `slides.snm'.

Package atveryend Info: Empty hook `BeforeClearDocument' on input line 416.
Package atveryend Info: Empty hook `AfterLastShipout' on input line 416.

(./slides.aux)
Package atveryend Info: Executing hook `AtVeryEndDocument' on input line 416.
Package atveryend Info: Executing hook `AtEndAfterFileList' on input line 416.
Package rerunfilecheck Info: File `slides.out' has not changed.
(rerunfilecheck)             Checksum: 910E66FC198F509A33C0E0581E571682;438.
 ) 
Here is how much of TeX's memory you used:
 24542 strings out of 494553
 470394 string characters out of 6174237
 511058 words of memory out of 5000000
 27617 multiletter control sequences out of 15000+600000
 99530 words of font info for 75 fonts, out of 8000000 for 9000
 14 hyphenation exceptions out of 8191
 61i,14n,88p,1807b,588s stack positions out of 5000i,500n,10000p,200000b,80000s
{/Users/antonio/Library/TinyTeX/texmf-dist/fonts/enc/dvips/lm/lm-ec.enc}{/Use
rs/antonio/Library/TinyTeX/texmf-dist/fonts/enc/dvips/lm/lm-mathsy.enc}{/Users/
antonio/Library/TinyTeX/texmf-dist/fonts/enc/dvips/lm/lm-rm.enc}{/Users/antonio
/Library/TinyTeX/texmf-dist/fonts/enc/dvips/lm/lm-mathit.enc}{/Users/antonio/Li
brary/TinyTeX/texmf-dist/fonts/enc/dvips/lm/lm-ts1.enc}</Users/antonio/Library/
TinyTeX/texmf-dist/fonts/type1/public/lm/lmmi10.pfb></Users/antonio/Library/Tin
yTeX/texmf-dist/fonts/type1/public/lm/lmss10.pfb></Users/antonio/Library/TinyTe
X/texmf-dist/fonts/type1/public/lm/lmss12.pfb></Users/antonio/Library/TinyTeX/t
exmf-dist/fonts/type1/public/lm/lmss8.pfb></Users/antonio/Library/TinyTeX/texmf
-dist/fonts/type1/public/lm/lmssbx10.pfb></Users/antonio/Library/TinyTeX/texmf-
dist/fonts/type1/public/lm/lmsso10.pfb></Users/antonio/Library/TinyTeX/texmf-di
st/fonts/type1/public/lm/lmsy10.pfb>
Output written on slides.pdf (24 pages, 487773 bytes).
PDF statistics:
 257 PDF objects out of 1000 (max. 8388607)
 193 compressed objects within 2 object streams
 71 named destinations out of 1000 (max. 500000)
 135 words of extra memory for PDF output out of 10000 (max. 10000000)

