INFO: [VRFC 10-163] Analyzing VHDL file "/home/student08/42_fsm_v1_MARA/42_fsm_v1_MARA.srcs/sources_1/new/fsm.vhd" into library xil_defaultlib
INFO: [VRFC 10-3107] analyzing entity 'fsm_1'
INFO: [VRFC 10-163] Analyzing VHDL file "/home/student08/42_fsm_v1_MARA/42_fsm_v1_MARA.srcs/sim_1/new/tb_fsm.vhd" into library xil_defaultlib
INFO: [VRFC 10-3107] analyzing entity 'tb_fsm'
INFO: [VRFC 10-163] Analyzing VHDL file "/home/student08/42_fsm_v1_MARA/42_fsm_v1_MARA.srcs/sim_1/new/tb_fsm.vhd" into library xil_defaultlib
INFO: [VRFC 10-3107] analyzing entity 'tb_fsm'
INFO: [VRFC 10-163] Analyzing VHDL file "/home/student08/42_fsm_v1_MARA/42_fsm_v1_MARA.srcs/sim_1/new/tb_fsm.vhd" into library xil_defaultlib
INFO: [VRFC 10-3107] analyzing entity 'tb_fsm'
INFO: [VRFC 10-163] Analyzing VHDL file "/home/student08/42_fsm_v1_MARA/42_fsm_v1_MARA.srcs/sim_1/new/tb_fsm.vhd" into library xil_defaultlib
INFO: [VRFC 10-3107] analyzing entity 'tb_fsm'
ERROR: [VRFC 10-2935] 'p_cmb' is already declared in this region [/home/student08/42_fsm_v1_MARA/42_fsm_v1_MARA.srcs/sim_1/new/tb_fsm.vhd:75]
ERROR: [VRFC 10-2935] 'p_cmb' is already declared in this region [/home/student08/42_fsm_v1_MARA/42_fsm_v1_MARA.srcs/sim_1/new/tb_fsm.vhd:80]
ERROR: [VRFC 10-2935] 'p_cmb' is already declared in this region [/home/student08/42_fsm_v1_MARA/42_fsm_v1_MARA.srcs/sim_1/new/tb_fsm.vhd:85]
ERROR: [VRFC 10-3782] unit 'behavioral' ignored due to previous errors [/home/student08/42_fsm_v1_MARA/42_fsm_v1_MARA.srcs/sim_1/new/tb_fsm.vhd:38]
INFO: [VRFC 10-3070] VHDL file '/home/student08/42_fsm_v1_MARA/42_fsm_v1_MARA.srcs/sim_1/new/tb_fsm.vhd' ignored due to errors
INFO: [VRFC 10-163] Analyzing VHDL file "/home/student08/42_fsm_v1_MARA/42_fsm_v1_MARA.srcs/sim_1/new/tb_fsm.vhd" into library xil_defaultlib
INFO: [VRFC 10-3107] analyzing entity 'tb_fsm'
ERROR: [VRFC 10-2935] 'p_cmb' is already declared in this region [/home/student08/42_fsm_v1_MARA/42_fsm_v1_MARA.srcs/sim_1/new/tb_fsm.vhd:75]
ERROR: [VRFC 10-2935] 'p_cmb' is already declared in this region [/home/student08/42_fsm_v1_MARA/42_fsm_v1_MARA.srcs/sim_1/new/tb_fsm.vhd:80]
ERROR: [VRFC 10-2935] 'p_cmb' is already declared in this region [/home/student08/42_fsm_v1_MARA/42_fsm_v1_MARA.srcs/sim_1/new/tb_fsm.vhd:85]
ERROR: [VRFC 10-3782] unit 'behavioral' ignored due to previous errors [/home/student08/42_fsm_v1_MARA/42_fsm_v1_MARA.srcs/sim_1/new/tb_fsm.vhd:38]
INFO: [VRFC 10-3070] VHDL file '/home/student08/42_fsm_v1_MARA/42_fsm_v1_MARA.srcs/sim_1/new/tb_fsm.vhd' ignored due to errors
INFO: [VRFC 10-163] Analyzing VHDL file "/home/student08/42_fsm_v1_MARA/42_fsm_v1_MARA.srcs/sim_1/new/tb_fsm.vhd" into library xil_defaultlib
INFO: [VRFC 10-3107] analyzing entity 'tb_fsm'
INFO: [VRFC 10-163] Analyzing VHDL file "/home/student08/42_fsm_v1_MARA/42_fsm_v1_MARA.srcs/sim_1/new/tb_fsm.vhd" into library xil_defaultlib
INFO: [VRFC 10-3107] analyzing entity 'tb_fsm'
ERROR: [VRFC 10-2989] 'fsm_1' is not declared [/home/student08/42_fsm_v1_MARA/42_fsm_v1_MARA.srcs/sim_1/new/tb_fsm.vhd:58]
ERROR: [VRFC 10-3782] unit 'behavioral' ignored due to previous errors [/home/student08/42_fsm_v1_MARA/42_fsm_v1_MARA.srcs/sim_1/new/tb_fsm.vhd:38]
INFO: [VRFC 10-3070] VHDL file '/home/student08/42_fsm_v1_MARA/42_fsm_v1_MARA.srcs/sim_1/new/tb_fsm.vhd' ignored due to errors
INFO: [VRFC 10-163] Analyzing VHDL file "/home/student08/42_fsm_v1_MARA/42_fsm_v1_MARA.srcs/sim_1/new/tb_fsm.vhd" into library xil_defaultlib
INFO: [VRFC 10-3107] analyzing entity 'tb_fsm'
INFO: [VRFC 10-163] Analyzing VHDL file "/home/student08/42_fsm_v1_MARA/42_fsm_v1_MARA.srcs/sim_1/new/tb_fsm.vhd" into library xil_defaultlib
INFO: [VRFC 10-3107] analyzing entity 'tb_fsm'
INFO: [VRFC 10-163] Analyzing VHDL file "/home/student08/42_fsm_v1_MARA/42_fsm_v1_MARA.srcs/sim_1/new/tb_fsm.vhd" into library xil_defaultlib
INFO: [VRFC 10-3107] analyzing entity 'tb_fsm'
INFO: [VRFC 10-163] Analyzing VHDL file "/home/student08/42_fsm_v1_MARA/42_fsm_v1_MARA.srcs/sim_1/new/tb_fsm.vhd" into library xil_defaultlib
INFO: [VRFC 10-3107] analyzing entity 'tb_fsm'
