This is pdfTeX, Version 3.14159265-2.6-1.40.20 (TeX Live 2019) (preloaded format=pdflatex 2019.12.23)  6 JAN 2020 13:13
entering extended mode
 restricted \write18 enabled.
 file:line:error style messages enabled.
 %&-line parsing enabled.
**new_commands.tex
(./new_commands.tex
LaTeX2e <2018-12-01>
\c@theorem=\count80

./new_commands.tex:23: LaTeX Error: No counter 'section' defined.

See the LaTeX manual or LaTeX Companion for explanation.
Type  H <return>  for immediate help.
 ...                                              
                                                  
l.23 \newtheorem{theorem}{Theorem}[section]
                                           
? 
./new_commands.tex:23: Emergency stop.
 ...                                              
                                                  
l.23 \newtheorem{theorem}{Theorem}[section]
                                           
Your command was ignored.
Type  I <command> <return>  to replace it with another command,
or  <return>  to continue without it.

 
Here is how much of TeX's memory you used:
 26 strings out of 492616
 426 string characters out of 6129480
 57124 words of memory out of 5000000
 4045 multiletter control sequences out of 15000+600000
 3640 words of font info for 14 fonts, out of 8000000 for 9000
 1141 hyphenation exceptions out of 8191
 8i,0n,14p,106b,14s stack positions out of 5000i,500n,10000p,200000b,80000s
./new_commands.tex:23:  ==> Fatal error occurred, no output PDF file produced!
